<?xml version="1.0" encoding="UTF-8"?>
<testsuite xmlns:xsi="http://www.w3.org/2001/XMLSchema-instance" xsi:noNamespaceSchemaLocation="https://maven.apache.org/surefire/maven-surefire-plugin/xsd/surefire-test-report-3.0.xsd" version="3.0" name="com.ajc.classroster.service.ClassRosterServiceLayerImplTest" time="0.542" tests="6" errors="6" skipped="0" failures="0">
  <properties>
    <property name="java.specification.version" value="20"/>
    <property name="sun.cpu.isalist" value="amd64"/>
    <property name="sun.jnu.encoding" value="Cp1252"/>
    <property name="java.class.path" value="C:\Users\ALEXCIP96\Documents\NetBeansProjects\ClassRoster\target\test-classes;C:\Users\ALEXCIP96\Documents\NetBeansProjects\ClassRoster\target\classes;C:\Users\ALEXCIP96\.m2\repository\org\springframework\spring-context\5.2.2.RELEASE\spring-context-5.2.2.RELEASE.jar;C:\Users\ALEXCIP96\.m2\repository\org\springframework\spring-aop\5.2.2.RELEASE\spring-aop-5.2.2.RELEASE.jar;C:\Users\ALEXCIP96\.m2\repository\org\springframework\spring-beans\5.2.2.RELEASE\spring-beans-5.2.2.RELEASE.jar;C:\Users\ALEXCIP96\.m2\repository\org\springframework\spring-core\5.2.2.RELEASE\spring-core-5.2.2.RELEASE.jar;C:\Users\ALEXCIP96\.m2\repository\org\springframework\spring-jcl\5.2.2.RELEASE\spring-jcl-5.2.2.RELEASE.jar;C:\Users\ALEXCIP96\.m2\repository\org\springframework\spring-expression\5.2.2.RELEASE\spring-expression-5.2.2.RELEASE.jar;C:\Users\ALEXCIP96\.m2\repository\org\junit\jupiter\junit-jupiter-api\5.10.2\junit-jupiter-api-5.10.2.jar;C:\Users\ALEXCIP96\.m2\repository\org\opentest4j\opentest4j\1.3.0\opentest4j-1.3.0.jar;C:\Users\ALEXCIP96\.m2\repository\org\junit\platform\junit-platform-commons\1.10.2\junit-platform-commons-1.10.2.jar;C:\Users\ALEXCIP96\.m2\repository\org\apiguardian\apiguardian-api\1.1.2\apiguardian-api-1.1.2.jar;C:\Users\ALEXCIP96\.m2\repository\org\junit\jupiter\junit-jupiter-params\5.10.2\junit-jupiter-params-5.10.2.jar;C:\Users\ALEXCIP96\.m2\repository\org\junit\jupiter\junit-jupiter-engine\5.10.2\junit-jupiter-engine-5.10.2.jar;C:\Users\ALEXCIP96\.m2\repository\org\junit\platform\junit-platform-engine\1.10.2\junit-platform-engine-1.10.2.jar;"/>
    <property name="java.vm.vendor" value="Oracle Corporation"/>
    <property name="sun.arch.data.model" value="64"/>
    <property name="user.variant" value=""/>
    <property name="java.vendor.url" value="https://java.oracle.com/"/>
    <property name="user.timezone" value="America/New_York"/>
    <property name="os.name" value="Windows 10"/>
    <property name="java.vm.specification.version" value="20"/>
    <property name="user.country" value="US"/>
    <property name="sun.java.launcher" value="SUN_STANDARD"/>
    <property name="sun.boot.library.path" value="C:\Program Files\Java\jdk-20\bin"/>
    <property name="sun.java.command" value="C:\Users\ALEXCIP96\AppData\Local\Temp\surefire2211211317555468239\surefirebooter-20240912083154586_3.jar C:\Users\ALEXCIP96\AppData\Local\Temp\surefire2211211317555468239 2024-09-12T08-31-54_333-jvmRun1 surefire-20240912083154586_1tmp surefire_0-20240912083154586_2tmp"/>
    <property name="jdk.debug" value="release"/>
    <property name="surefire.test.class.path" value="C:\Users\ALEXCIP96\Documents\NetBeansProjects\ClassRoster\target\test-classes;C:\Users\ALEXCIP96\Documents\NetBeansProjects\ClassRoster\target\classes;C:\Users\ALEXCIP96\.m2\repository\org\springframework\spring-context\5.2.2.RELEASE\spring-context-5.2.2.RELEASE.jar;C:\Users\ALEXCIP96\.m2\repository\org\springframework\spring-aop\5.2.2.RELEASE\spring-aop-5.2.2.RELEASE.jar;C:\Users\ALEXCIP96\.m2\repository\org\springframework\spring-beans\5.2.2.RELEASE\spring-beans-5.2.2.RELEASE.jar;C:\Users\ALEXCIP96\.m2\repository\org\springframework\spring-core\5.2.2.RELEASE\spring-core-5.2.2.RELEASE.jar;C:\Users\ALEXCIP96\.m2\repository\org\springframework\spring-jcl\5.2.2.RELEASE\spring-jcl-5.2.2.RELEASE.jar;C:\Users\ALEXCIP96\.m2\repository\org\springframework\spring-expression\5.2.2.RELEASE\spring-expression-5.2.2.RELEASE.jar;C:\Users\ALEXCIP96\.m2\repository\org\junit\jupiter\junit-jupiter-api\5.10.2\junit-jupiter-api-5.10.2.jar;C:\Users\ALEXCIP96\.m2\repository\org\opentest4j\opentest4j\1.3.0\opentest4j-1.3.0.jar;C:\Users\ALEXCIP96\.m2\repository\org\junit\platform\junit-platform-commons\1.10.2\junit-platform-commons-1.10.2.jar;C:\Users\ALEXCIP96\.m2\repository\org\apiguardian\apiguardian-api\1.1.2\apiguardian-api-1.1.2.jar;C:\Users\ALEXCIP96\.m2\repository\org\junit\jupiter\junit-jupiter-params\5.10.2\junit-jupiter-params-5.10.2.jar;C:\Users\ALEXCIP96\.m2\repository\org\junit\jupiter\junit-jupiter-engine\5.10.2\junit-jupiter-engine-5.10.2.jar;C:\Users\ALEXCIP96\.m2\repository\org\junit\platform\junit-platform-engine\1.10.2\junit-platform-engine-1.10.2.jar;"/>
    <property name="sun.cpu.endian" value="little"/>
    <property name="user.home" value="C:\Users\ALEXCIP96"/>
    <property name="user.language" value="en"/>
    <property name="java.specification.vendor" value="Oracle Corporation"/>
    <property name="java.version.date" value="2023-03-21"/>
    <property name="java.home" value="C:\Program Files\Java\jdk-20"/>
    <property name="file.separator" value="\"/>
    <property name="basedir" value="C:\Users\ALEXCIP96\Documents\NetBeansProjects\ClassRoster"/>
    <property name="java.vm.compressedOopsMode" value="Zero based"/>
    <property name="line.separator" value="&#10;"/>
    <property name="java.vm.specification.vendor" value="Oracle Corporation"/>
    <property name="java.specification.name" value="Java Platform API Specification"/>
    <property name="surefire.real.class.path" value="C:\Users\ALEXCIP96\AppData\Local\Temp\surefire2211211317555468239\surefirebooter-20240912083154586_3.jar"/>
    <property name="user.script" value=""/>
    <property name="sun.management.compiler" value="HotSpot 64-Bit Tiered Compilers"/>
    <property name="java.runtime.version" value="20+36-2344"/>
    <property name="user.name" value="ALEXCIP96"/>
    <property name="stdout.encoding" value="Cp1252"/>
    <property name="path.separator" value=";"/>
    <property name="os.version" value="10.0"/>
    <property name="java.runtime.name" value="Java(TM) SE Runtime Environment"/>
    <property name="file.encoding" value="UTF-8"/>
    <property name="java.vm.name" value="Java HotSpot(TM) 64-Bit Server VM"/>
    <property name="maven.ext.class.path" value="C:\Program Files\NetBeans-22\netbeans\java\maven-nblib\netbeans-eventspy.jar"/>
    <property name="localRepository" value="C:\Users\ALEXCIP96\.m2\repository"/>
    <property name="java.vendor.url.bug" value="https://bugreport.java.com/bugreport/"/>
    <property name="java.io.tmpdir" value="C:\Users\ALEXCI~1\AppData\Local\Temp\"/>
    <property name="java.version" value="20"/>
    <property name="user.dir" value="C:\Users\ALEXCIP96\Documents\NetBeansProjects\ClassRoster"/>
    <property name="os.arch" value="amd64"/>
    <property name="java.vm.specification.name" value="Java Virtual Machine Specification"/>
    <property name="sun.os.patch.level" value=""/>
    <property name="native.encoding" value="Cp1252"/>
    <property name="java.library.path" value="C:\Program Files\Java\jdk-20\bin;C:\Windows\Sun\Java\bin;C:\Windows\system32;C:\Windows;C:\Program Files\Common Files\Oracle\Java\javapath;C:\Python311\Scripts\;C:\Python311\;C:\Windows\system32;C:\Windows;C:\Windows\System32\Wbem;C:\Windows\System32\WindowsPowerShell\v1.0\;C:\Windows\System32\OpenSSH\;C:\Program Files\Git\cmd;C:\Program Files\nodejs\;C:\ProgramData\chocolatey\bin;C:\Program Files\PuTTY\;C:\Program Files\Amazon\AWSCLIV2\;C:\Program Files\dotnet\;C:\Program Files\PowerShell\7\;C:\Program Files\Docker\Docker\resources\bin;C:\Users\ALEXCIP96\AppData\Local\Programs\Eclipse Adoptium\jdk-11.0.24.8-hotspot\bin;C:\Users\ALEXCIP96\AppData\Local\Microsoft\WindowsApps;C:\Users\ALEXCIP96\AppData\Local\Programs\Microsoft VS Code\bin;C:\Users\ALEXCIP96\AppData\Roaming\npm;C:\Users\ALEXCIP96\AppData\Local\GitHubDesktop\bin;."/>
    <property name="java.vm.info" value="mixed mode, sharing"/>
    <property name="stderr.encoding" value="Cp1252"/>
    <property name="java.vendor" value="Oracle Corporation"/>
    <property name="java.vm.version" value="20+36-2344"/>
    <property name="sun.io.unicode.encoding" value="UnicodeLittle"/>
    <property name="java.class.version" value="64.0"/>
  </properties>
  <testcase name="testCreateDuplicateIdStudent" classname="com.ajc.classroster.service.ClassRosterServiceLayerImplTest" time="0.002">
    <error message="Cannot find class [com.ajc.classroster.dao.ClassRosterAuditDaoStubImpl] for bean with name &apos;auditDaoStub&apos; defined in class path resource [applicationContext.xml]; nested exception is java.lang.ClassNotFoundException: com.ajc.classroster.dao.ClassRosterAuditDaoStubImpl" type="org.springframework.beans.factory.CannotLoadBeanClassException"><![CDATA[org.springframework.beans.factory.CannotLoadBeanClassException: Cannot find class [com.ajc.classroster.dao.ClassRosterAuditDaoStubImpl] for bean with name 'auditDaoStub' defined in class path resource [applicationContext.xml]; nested exception is java.lang.ClassNotFoundException: com.ajc.classroster.dao.ClassRosterAuditDaoStubImpl
	at org.springframework.beans.factory.support.AbstractBeanFactory.resolveBeanClass(AbstractBeanFactory.java:1476)
	at org.springframework.beans.factory.support.AbstractAutowireCapableBeanFactory.determineTargetType(AbstractAutowireCapableBeanFactory.java:682)
	at org.springframework.beans.factory.support.AbstractAutowireCapableBeanFactory.predictBeanType(AbstractAutowireCapableBeanFactory.java:649)
	at org.springframework.beans.factory.support.AbstractBeanFactory.isFactoryBean(AbstractBeanFactory.java:1604)
	at org.springframework.beans.factory.support.AbstractBeanFactory.isFactoryBean(AbstractBeanFactory.java:1080)
	at org.springframework.beans.factory.support.DefaultListableBeanFactory.preInstantiateSingletons(DefaultListableBeanFactory.java:859)
	at org.springframework.context.support.AbstractApplicationContext.finishBeanFactoryInitialization(AbstractApplicationContext.java:878)
	at org.springframework.context.support.AbstractApplicationContext.refresh(AbstractApplicationContext.java:550)
	at org.springframework.context.support.ClassPathXmlApplicationContext.<init>(ClassPathXmlApplicationContext.java:144)
	at org.springframework.context.support.ClassPathXmlApplicationContext.<init>(ClassPathXmlApplicationContext.java:85)
	at com.ajc.classroster.service.ClassRosterServiceLayerImplTest.<init>(ClassRosterServiceLayerImplTest.java:38)
	at java.base/java.lang.reflect.Constructor.newInstanceWithCaller(Constructor.java:500)
	at java.base/java.lang.reflect.Constructor.newInstance(Constructor.java:484)
	at java.base/java.util.Optional.orElseGet(Optional.java:364)
	at java.base/java.util.ArrayList.forEach(ArrayList.java:1511)
	at java.base/java.util.ArrayList.forEach(ArrayList.java:1511)
Caused by: java.lang.ClassNotFoundException: com.ajc.classroster.dao.ClassRosterAuditDaoStubImpl
	at java.base/jdk.internal.loader.BuiltinClassLoader.loadClass(BuiltinClassLoader.java:641)
	at java.base/jdk.internal.loader.ClassLoaders$AppClassLoader.loadClass(ClassLoaders.java:188)
	at java.base/java.lang.ClassLoader.loadClass(ClassLoader.java:521)
	at java.base/java.lang.Class.forName0(Native Method)
	at java.base/java.lang.Class.forName(Class.java:496)
	at java.base/java.lang.Class.forName(Class.java:475)
	at org.springframework.util.ClassUtils.forName(ClassUtils.java:277)
	at org.springframework.beans.factory.support.AbstractBeanDefinition.resolveBeanClass(AbstractBeanDefinition.java:456)
	at org.springframework.beans.factory.support.AbstractBeanFactory.doResolveBeanClass(AbstractBeanFactory.java:1541)
	at org.springframework.beans.factory.support.AbstractBeanFactory.resolveBeanClass(AbstractBeanFactory.java:1468)
	... 15 more
]]></error>
    <system-err><![CDATA[Sep 12, 2024 8:31:55 AM org.springframework.context.support.AbstractApplicationContext refresh
WARNING: Exception encountered during context initialization - cancelling refresh attempt: org.springframework.beans.factory.CannotLoadBeanClassException: Cannot find class [com.ajc.classroster.dao.ClassRosterAuditDaoStubImpl] for bean with name 'auditDaoStub' defined in class path resource [applicationContext.xml]; nested exception is java.lang.ClassNotFoundException: com.ajc.classroster.dao.ClassRosterAuditDaoStubImpl
]]></system-err>
  </testcase>
  <testcase name="testGetStudent" classname="com.ajc.classroster.service.ClassRosterServiceLayerImplTest" time="0.001">
    <error message="Cannot find class [com.ajc.classroster.dao.ClassRosterAuditDaoStubImpl] for bean with name &apos;auditDaoStub&apos; defined in class path resource [applicationContext.xml]; nested exception is java.lang.ClassNotFoundException: com.ajc.classroster.dao.ClassRosterAuditDaoStubImpl" type="org.springframework.beans.factory.CannotLoadBeanClassException"><![CDATA[org.springframework.beans.factory.CannotLoadBeanClassException: Cannot find class [com.ajc.classroster.dao.ClassRosterAuditDaoStubImpl] for bean with name 'auditDaoStub' defined in class path resource [applicationContext.xml]; nested exception is java.lang.ClassNotFoundException: com.ajc.classroster.dao.ClassRosterAuditDaoStubImpl
	at org.springframework.beans.factory.support.AbstractBeanFactory.resolveBeanClass(AbstractBeanFactory.java:1476)
	at org.springframework.beans.factory.support.AbstractAutowireCapableBeanFactory.determineTargetType(AbstractAutowireCapableBeanFactory.java:682)
	at org.springframework.beans.factory.support.AbstractAutowireCapableBeanFactory.predictBeanType(AbstractAutowireCapableBeanFactory.java:649)
	at org.springframework.beans.factory.support.AbstractBeanFactory.isFactoryBean(AbstractBeanFactory.java:1604)
	at org.springframework.beans.factory.support.AbstractBeanFactory.isFactoryBean(AbstractBeanFactory.java:1080)
	at org.springframework.beans.factory.support.DefaultListableBeanFactory.preInstantiateSingletons(DefaultListableBeanFactory.java:859)
	at org.springframework.context.support.AbstractApplicationContext.finishBeanFactoryInitialization(AbstractApplicationContext.java:878)
	at org.springframework.context.support.AbstractApplicationContext.refresh(AbstractApplicationContext.java:550)
	at org.springframework.context.support.ClassPathXmlApplicationContext.<init>(ClassPathXmlApplicationContext.java:144)
	at org.springframework.context.support.ClassPathXmlApplicationContext.<init>(ClassPathXmlApplicationContext.java:85)
	at com.ajc.classroster.service.ClassRosterServiceLayerImplTest.<init>(ClassRosterServiceLayerImplTest.java:38)
	at java.base/java.lang.reflect.Constructor.newInstanceWithCaller(Constructor.java:500)
	at java.base/java.lang.reflect.Constructor.newInstance(Constructor.java:484)
	at java.base/java.util.Optional.orElseGet(Optional.java:364)
	at java.base/java.util.ArrayList.forEach(ArrayList.java:1511)
	at java.base/java.util.ArrayList.forEach(ArrayList.java:1511)
Caused by: java.lang.ClassNotFoundException: com.ajc.classroster.dao.ClassRosterAuditDaoStubImpl
	at java.base/jdk.internal.loader.BuiltinClassLoader.loadClass(BuiltinClassLoader.java:641)
	at java.base/jdk.internal.loader.ClassLoaders$AppClassLoader.loadClass(ClassLoaders.java:188)
	at java.base/java.lang.ClassLoader.loadClass(ClassLoader.java:521)
	at java.base/java.lang.Class.forName0(Native Method)
	at java.base/java.lang.Class.forName(Class.java:496)
	at java.base/java.lang.Class.forName(Class.java:475)
	at org.springframework.util.ClassUtils.forName(ClassUtils.java:277)
	at org.springframework.beans.factory.support.AbstractBeanDefinition.resolveBeanClass(AbstractBeanDefinition.java:456)
	at org.springframework.beans.factory.support.AbstractBeanFactory.doResolveBeanClass(AbstractBeanFactory.java:1541)
	at org.springframework.beans.factory.support.AbstractBeanFactory.resolveBeanClass(AbstractBeanFactory.java:1468)
	... 15 more
]]></error>
    <system-err><![CDATA[Sep 12, 2024 8:31:56 AM org.springframework.context.support.AbstractApplicationContext refresh
WARNING: Exception encountered during context initialization - cancelling refresh attempt: org.springframework.beans.factory.CannotLoadBeanClassException: Cannot find class [com.ajc.classroster.dao.ClassRosterAuditDaoStubImpl] for bean with name 'auditDaoStub' defined in class path resource [applicationContext.xml]; nested exception is java.lang.ClassNotFoundException: com.ajc.classroster.dao.ClassRosterAuditDaoStubImpl
]]></system-err>
  </testcase>
  <testcase name="testGetAllStudents" classname="com.ajc.classroster.service.ClassRosterServiceLayerImplTest" time="0.001">
    <error message="Cannot find class [com.ajc.classroster.dao.ClassRosterAuditDaoStubImpl] for bean with name &apos;auditDaoStub&apos; defined in class path resource [applicationContext.xml]; nested exception is java.lang.ClassNotFoundException: com.ajc.classroster.dao.ClassRosterAuditDaoStubImpl" type="org.springframework.beans.factory.CannotLoadBeanClassException"><![CDATA[org.springframework.beans.factory.CannotLoadBeanClassException: Cannot find class [com.ajc.classroster.dao.ClassRosterAuditDaoStubImpl] for bean with name 'auditDaoStub' defined in class path resource [applicationContext.xml]; nested exception is java.lang.ClassNotFoundException: com.ajc.classroster.dao.ClassRosterAuditDaoStubImpl
	at org.springframework.beans.factory.support.AbstractBeanFactory.resolveBeanClass(AbstractBeanFactory.java:1476)
	at org.springframework.beans.factory.support.AbstractAutowireCapableBeanFactory.determineTargetType(AbstractAutowireCapableBeanFactory.java:682)
	at org.springframework.beans.factory.support.AbstractAutowireCapableBeanFactory.predictBeanType(AbstractAutowireCapableBeanFactory.java:649)
	at org.springframework.beans.factory.support.AbstractBeanFactory.isFactoryBean(AbstractBeanFactory.java:1604)
	at org.springframework.beans.factory.support.AbstractBeanFactory.isFactoryBean(AbstractBeanFactory.java:1080)
	at org.springframework.beans.factory.support.DefaultListableBeanFactory.preInstantiateSingletons(DefaultListableBeanFactory.java:859)
	at org.springframework.context.support.AbstractApplicationContext.finishBeanFactoryInitialization(AbstractApplicationContext.java:878)
	at org.springframework.context.support.AbstractApplicationContext.refresh(AbstractApplicationContext.java:550)
	at org.springframework.context.support.ClassPathXmlApplicationContext.<init>(ClassPathXmlApplicationContext.java:144)
	at org.springframework.context.support.ClassPathXmlApplicationContext.<init>(ClassPathXmlApplicationContext.java:85)
	at com.ajc.classroster.service.ClassRosterServiceLayerImplTest.<init>(ClassRosterServiceLayerImplTest.java:38)
	at java.base/java.lang.reflect.Constructor.newInstanceWithCaller(Constructor.java:500)
	at java.base/java.lang.reflect.Constructor.newInstance(Constructor.java:484)
	at java.base/java.util.Optional.orElseGet(Optional.java:364)
	at java.base/java.util.ArrayList.forEach(ArrayList.java:1511)
	at java.base/java.util.ArrayList.forEach(ArrayList.java:1511)
Caused by: java.lang.ClassNotFoundException: com.ajc.classroster.dao.ClassRosterAuditDaoStubImpl
	at java.base/jdk.internal.loader.BuiltinClassLoader.loadClass(BuiltinClassLoader.java:641)
	at java.base/jdk.internal.loader.ClassLoaders$AppClassLoader.loadClass(ClassLoaders.java:188)
	at java.base/java.lang.ClassLoader.loadClass(ClassLoader.java:521)
	at java.base/java.lang.Class.forName0(Native Method)
	at java.base/java.lang.Class.forName(Class.java:496)
	at java.base/java.lang.Class.forName(Class.java:475)
	at org.springframework.util.ClassUtils.forName(ClassUtils.java:277)
	at org.springframework.beans.factory.support.AbstractBeanDefinition.resolveBeanClass(AbstractBeanDefinition.java:456)
	at org.springframework.beans.factory.support.AbstractBeanFactory.doResolveBeanClass(AbstractBeanFactory.java:1541)
	at org.springframework.beans.factory.support.AbstractBeanFactory.resolveBeanClass(AbstractBeanFactory.java:1468)
	... 15 more
]]></error>
    <system-err><![CDATA[Sep 12, 2024 8:31:56 AM org.springframework.context.support.AbstractApplicationContext refresh
WARNING: Exception encountered during context initialization - cancelling refresh attempt: org.springframework.beans.factory.CannotLoadBeanClassException: Cannot find class [com.ajc.classroster.dao.ClassRosterAuditDaoStubImpl] for bean with name 'auditDaoStub' defined in class path resource [applicationContext.xml]; nested exception is java.lang.ClassNotFoundException: com.ajc.classroster.dao.ClassRosterAuditDaoStubImpl
]]></system-err>
  </testcase>
  <testcase name="testCreateStudentInvalidData" classname="com.ajc.classroster.service.ClassRosterServiceLayerImplTest" time="0.001">
    <error message="Cannot find class [com.ajc.classroster.dao.ClassRosterAuditDaoStubImpl] for bean with name &apos;auditDaoStub&apos; defined in class path resource [applicationContext.xml]; nested exception is java.lang.ClassNotFoundException: com.ajc.classroster.dao.ClassRosterAuditDaoStubImpl" type="org.springframework.beans.factory.CannotLoadBeanClassException"><![CDATA[org.springframework.beans.factory.CannotLoadBeanClassException: Cannot find class [com.ajc.classroster.dao.ClassRosterAuditDaoStubImpl] for bean with name 'auditDaoStub' defined in class path resource [applicationContext.xml]; nested exception is java.lang.ClassNotFoundException: com.ajc.classroster.dao.ClassRosterAuditDaoStubImpl
	at org.springframework.beans.factory.support.AbstractBeanFactory.resolveBeanClass(AbstractBeanFactory.java:1476)
	at org.springframework.beans.factory.support.AbstractAutowireCapableBeanFactory.determineTargetType(AbstractAutowireCapableBeanFactory.java:682)
	at org.springframework.beans.factory.support.AbstractAutowireCapableBeanFactory.predictBeanType(AbstractAutowireCapableBeanFactory.java:649)
	at org.springframework.beans.factory.support.AbstractBeanFactory.isFactoryBean(AbstractBeanFactory.java:1604)
	at org.springframework.beans.factory.support.AbstractBeanFactory.isFactoryBean(AbstractBeanFactory.java:1080)
	at org.springframework.beans.factory.support.DefaultListableBeanFactory.preInstantiateSingletons(DefaultListableBeanFactory.java:859)
	at org.springframework.context.support.AbstractApplicationContext.finishBeanFactoryInitialization(AbstractApplicationContext.java:878)
	at org.springframework.context.support.AbstractApplicationContext.refresh(AbstractApplicationContext.java:550)
	at org.springframework.context.support.ClassPathXmlApplicationContext.<init>(ClassPathXmlApplicationContext.java:144)
	at org.springframework.context.support.ClassPathXmlApplicationContext.<init>(ClassPathXmlApplicationContext.java:85)
	at com.ajc.classroster.service.ClassRosterServiceLayerImplTest.<init>(ClassRosterServiceLayerImplTest.java:38)
	at java.base/java.lang.reflect.Constructor.newInstanceWithCaller(Constructor.java:500)
	at java.base/java.lang.reflect.Constructor.newInstance(Constructor.java:484)
	at java.base/java.util.Optional.orElseGet(Optional.java:364)
	at java.base/java.util.ArrayList.forEach(ArrayList.java:1511)
	at java.base/java.util.ArrayList.forEach(ArrayList.java:1511)
Caused by: java.lang.ClassNotFoundException: com.ajc.classroster.dao.ClassRosterAuditDaoStubImpl
	at java.base/jdk.internal.loader.BuiltinClassLoader.loadClass(BuiltinClassLoader.java:641)
	at java.base/jdk.internal.loader.ClassLoaders$AppClassLoader.loadClass(ClassLoaders.java:188)
	at java.base/java.lang.ClassLoader.loadClass(ClassLoader.java:521)
	at java.base/java.lang.Class.forName0(Native Method)
	at java.base/java.lang.Class.forName(Class.java:496)
	at java.base/java.lang.Class.forName(Class.java:475)
	at org.springframework.util.ClassUtils.forName(ClassUtils.java:277)
	at org.springframework.beans.factory.support.AbstractBeanDefinition.resolveBeanClass(AbstractBeanDefinition.java:456)
	at org.springframework.beans.factory.support.AbstractBeanFactory.doResolveBeanClass(AbstractBeanFactory.java:1541)
	at org.springframework.beans.factory.support.AbstractBeanFactory.resolveBeanClass(AbstractBeanFactory.java:1468)
	... 15 more
]]></error>
    <system-err><![CDATA[Sep 12, 2024 8:31:56 AM org.springframework.context.support.AbstractApplicationContext refresh
WARNING: Exception encountered during context initialization - cancelling refresh attempt: org.springframework.beans.factory.CannotLoadBeanClassException: Cannot find class [com.ajc.classroster.dao.ClassRosterAuditDaoStubImpl] for bean with name 'auditDaoStub' defined in class path resource [applicationContext.xml]; nested exception is java.lang.ClassNotFoundException: com.ajc.classroster.dao.ClassRosterAuditDaoStubImpl
]]></system-err>
  </testcase>
  <testcase name="testRemoveStudent" classname="com.ajc.classroster.service.ClassRosterServiceLayerImplTest" time="0.001">
    <error message="Cannot find class [com.ajc.classroster.dao.ClassRosterAuditDaoStubImpl] for bean with name &apos;auditDaoStub&apos; defined in class path resource [applicationContext.xml]; nested exception is java.lang.ClassNotFoundException: com.ajc.classroster.dao.ClassRosterAuditDaoStubImpl" type="org.springframework.beans.factory.CannotLoadBeanClassException"><![CDATA[org.springframework.beans.factory.CannotLoadBeanClassException: Cannot find class [com.ajc.classroster.dao.ClassRosterAuditDaoStubImpl] for bean with name 'auditDaoStub' defined in class path resource [applicationContext.xml]; nested exception is java.lang.ClassNotFoundException: com.ajc.classroster.dao.ClassRosterAuditDaoStubImpl
	at org.springframework.beans.factory.support.AbstractBeanFactory.resolveBeanClass(AbstractBeanFactory.java:1476)
	at org.springframework.beans.factory.support.AbstractAutowireCapableBeanFactory.determineTargetType(AbstractAutowireCapableBeanFactory.java:682)
	at org.springframework.beans.factory.support.AbstractAutowireCapableBeanFactory.predictBeanType(AbstractAutowireCapableBeanFactory.java:649)
	at org.springframework.beans.factory.support.AbstractBeanFactory.isFactoryBean(AbstractBeanFactory.java:1604)
	at org.springframework.beans.factory.support.AbstractBeanFactory.isFactoryBean(AbstractBeanFactory.java:1080)
	at org.springframework.beans.factory.support.DefaultListableBeanFactory.preInstantiateSingletons(DefaultListableBeanFactory.java:859)
	at org.springframework.context.support.AbstractApplicationContext.finishBeanFactoryInitialization(AbstractApplicationContext.java:878)
	at org.springframework.context.support.AbstractApplicationContext.refresh(AbstractApplicationContext.java:550)
	at org.springframework.context.support.ClassPathXmlApplicationContext.<init>(ClassPathXmlApplicationContext.java:144)
	at org.springframework.context.support.ClassPathXmlApplicationContext.<init>(ClassPathXmlApplicationContext.java:85)
	at com.ajc.classroster.service.ClassRosterServiceLayerImplTest.<init>(ClassRosterServiceLayerImplTest.java:38)
	at java.base/java.lang.reflect.Constructor.newInstanceWithCaller(Constructor.java:500)
	at java.base/java.lang.reflect.Constructor.newInstance(Constructor.java:484)
	at java.base/java.util.Optional.orElseGet(Optional.java:364)
	at java.base/java.util.ArrayList.forEach(ArrayList.java:1511)
	at java.base/java.util.ArrayList.forEach(ArrayList.java:1511)
Caused by: java.lang.ClassNotFoundException: com.ajc.classroster.dao.ClassRosterAuditDaoStubImpl
	at java.base/jdk.internal.loader.BuiltinClassLoader.loadClass(BuiltinClassLoader.java:641)
	at java.base/jdk.internal.loader.ClassLoaders$AppClassLoader.loadClass(ClassLoaders.java:188)
	at java.base/java.lang.ClassLoader.loadClass(ClassLoader.java:521)
	at java.base/java.lang.Class.forName0(Native Method)
	at java.base/java.lang.Class.forName(Class.java:496)
	at java.base/java.lang.Class.forName(Class.java:475)
	at org.springframework.util.ClassUtils.forName(ClassUtils.java:277)
	at org.springframework.beans.factory.support.AbstractBeanDefinition.resolveBeanClass(AbstractBeanDefinition.java:456)
	at org.springframework.beans.factory.support.AbstractBeanFactory.doResolveBeanClass(AbstractBeanFactory.java:1541)
	at org.springframework.beans.factory.support.AbstractBeanFactory.resolveBeanClass(AbstractBeanFactory.java:1468)
	... 15 more
]]></error>
    <system-err><![CDATA[Sep 12, 2024 8:31:56 AM org.springframework.context.support.AbstractApplicationContext refresh
WARNING: Exception encountered during context initialization - cancelling refresh attempt: org.springframework.beans.factory.CannotLoadBeanClassException: Cannot find class [com.ajc.classroster.dao.ClassRosterAuditDaoStubImpl] for bean with name 'auditDaoStub' defined in class path resource [applicationContext.xml]; nested exception is java.lang.ClassNotFoundException: com.ajc.classroster.dao.ClassRosterAuditDaoStubImpl
]]></system-err>
  </testcase>
  <testcase name="testCreateValidStudent" classname="com.ajc.classroster.service.ClassRosterServiceLayerImplTest" time="0.001">
    <error message="Cannot find class [com.ajc.classroster.dao.ClassRosterAuditDaoStubImpl] for bean with name &apos;auditDaoStub&apos; defined in class path resource [applicationContext.xml]; nested exception is java.lang.ClassNotFoundException: com.ajc.classroster.dao.ClassRosterAuditDaoStubImpl" type="org.springframework.beans.factory.CannotLoadBeanClassException"><![CDATA[org.springframework.beans.factory.CannotLoadBeanClassException: Cannot find class [com.ajc.classroster.dao.ClassRosterAuditDaoStubImpl] for bean with name 'auditDaoStub' defined in class path resource [applicationContext.xml]; nested exception is java.lang.ClassNotFoundException: com.ajc.classroster.dao.ClassRosterAuditDaoStubImpl
	at org.springframework.beans.factory.support.AbstractBeanFactory.resolveBeanClass(AbstractBeanFactory.java:1476)
	at org.springframework.beans.factory.support.AbstractAutowireCapableBeanFactory.determineTargetType(AbstractAutowireCapableBeanFactory.java:682)
	at org.springframework.beans.factory.support.AbstractAutowireCapableBeanFactory.predictBeanType(AbstractAutowireCapableBeanFactory.java:649)
	at org.springframework.beans.factory.support.AbstractBeanFactory.isFactoryBean(AbstractBeanFactory.java:1604)
	at org.springframework.beans.factory.support.AbstractBeanFactory.isFactoryBean(AbstractBeanFactory.java:1080)
	at org.springframework.beans.factory.support.DefaultListableBeanFactory.preInstantiateSingletons(DefaultListableBeanFactory.java:859)
	at org.springframework.context.support.AbstractApplicationContext.finishBeanFactoryInitialization(AbstractApplicationContext.java:878)
	at org.springframework.context.support.AbstractApplicationContext.refresh(AbstractApplicationContext.java:550)
	at org.springframework.context.support.ClassPathXmlApplicationContext.<init>(ClassPathXmlApplicationContext.java:144)
	at org.springframework.context.support.ClassPathXmlApplicationContext.<init>(ClassPathXmlApplicationContext.java:85)
	at com.ajc.classroster.service.ClassRosterServiceLayerImplTest.<init>(ClassRosterServiceLayerImplTest.java:38)
	at java.base/java.lang.reflect.Constructor.newInstanceWithCaller(Constructor.java:500)
	at java.base/java.lang.reflect.Constructor.newInstance(Constructor.java:484)
	at java.base/java.util.Optional.orElseGet(Optional.java:364)
	at java.base/java.util.ArrayList.forEach(ArrayList.java:1511)
	at java.base/java.util.ArrayList.forEach(ArrayList.java:1511)
Caused by: java.lang.ClassNotFoundException: com.ajc.classroster.dao.ClassRosterAuditDaoStubImpl
	at java.base/jdk.internal.loader.BuiltinClassLoader.loadClass(BuiltinClassLoader.java:641)
	at java.base/jdk.internal.loader.ClassLoaders$AppClassLoader.loadClass(ClassLoaders.java:188)
	at java.base/java.lang.ClassLoader.loadClass(ClassLoader.java:521)
	at java.base/java.lang.Class.forName0(Native Method)
	at java.base/java.lang.Class.forName(Class.java:496)
	at java.base/java.lang.Class.forName(Class.java:475)
	at org.springframework.util.ClassUtils.forName(ClassUtils.java:277)
	at org.springframework.beans.factory.support.AbstractBeanDefinition.resolveBeanClass(AbstractBeanDefinition.java:456)
	at org.springframework.beans.factory.support.AbstractBeanFactory.doResolveBeanClass(AbstractBeanFactory.java:1541)
	at org.springframework.beans.factory.support.AbstractBeanFactory.resolveBeanClass(AbstractBeanFactory.java:1468)
	... 15 more
]]></error>
    <system-err><![CDATA[Sep 12, 2024 8:31:56 AM org.springframework.context.support.AbstractApplicationContext refresh
WARNING: Exception encountered during context initialization - cancelling refresh attempt: org.springframework.beans.factory.CannotLoadBeanClassException: Cannot find class [com.ajc.classroster.dao.ClassRosterAuditDaoStubImpl] for bean with name 'auditDaoStub' defined in class path resource [applicationContext.xml]; nested exception is java.lang.ClassNotFoundException: com.ajc.classroster.dao.ClassRosterAuditDaoStubImpl
]]></system-err>
  </testcase>
</testsuite>